0 info it worked if it ends with ok
1 verbose cli [ '/usr/bin/nodejs', '/usr/bin/npm', 'run', 'build' ]
2 info using npm@4.1.2
3 info using node@v7.5.0
4 verbose run-script [ 'prebuild', 'build', 'postbuild' ]
5 info lifecycle delivery-fast@1.0.0~prebuild: delivery-fast@1.0.0
6 silly lifecycle delivery-fast@1.0.0~prebuild: no script for prebuild, continuing
7 info lifecycle delivery-fast@1.0.0~build: delivery-fast@1.0.0
8 verbose lifecycle delivery-fast@1.0.0~build: unsafe-perm in lifecycle true
9 verbose lifecycle delivery-fast@1.0.0~build: PATH: /usr/lib/node_modules/npm/bin/node-gyp-bin:/var/www/html/DATN/DeliveryFast/node_modules/.bin:/usr/local/sbin:/usr/local/bin:/usr/sbin:/usr/bin:/sbin:/bin:/usr/games:/usr/local/games:/usr/lib/jvm/java-8-oracle/bin:/usr/lib/jvm/java-8-oracle/db/bin:/usr/lib/jvm/java-8-oracle/jre/bin:/usr/lib/jvm/java-8-oracle/bin:/usr/lib/jvm/java-8-oracle/db/bin:/usr/lib/jvm/java-8-oracle/jre/bin
10 verbose lifecycle delivery-fast@1.0.0~build: CWD: /var/www/html/DATN/DeliveryFast
11 silly lifecycle delivery-fast@1.0.0~build: Args: [ '-c', 'babel lib -d dist' ]
12 silly lifecycle delivery-fast@1.0.0~build: Returned: code: 2  signal: null
13 info lifecycle delivery-fast@1.0.0~build: Failed to exec build script
14 verbose stack Error: delivery-fast@1.0.0 build: `babel lib -d dist`
14 verbose stack Exit status 2
14 verbose stack     at EventEmitter.<anonymous> (/usr/lib/node_modules/npm/lib/utils/lifecycle.js:279:16)
14 verbose stack     at emitTwo (events.js:106:13)
14 verbose stack     at EventEmitter.emit (events.js:192:7)
14 verbose stack     at ChildProcess.<anonymous> (/usr/lib/node_modules/npm/lib/utils/spawn.js:40:14)
14 verbose stack     at emitTwo (events.js:106:13)
14 verbose stack     at ChildProcess.emit (events.js:192:7)
14 verbose stack     at maybeClose (internal/child_process.js:890:16)
14 verbose stack     at Process.ChildProcess._handle.onexit (internal/child_process.js:226:5)
15 verbose pkgid delivery-fast@1.0.0
16 verbose cwd /var/www/html/DATN/DeliveryFast
17 error Linux 4.2.0-27-generic
18 error argv "/usr/bin/nodejs" "/usr/bin/npm" "run" "build"
19 error node v7.5.0
20 error npm  v4.1.2
21 error code ELIFECYCLE
22 error delivery-fast@1.0.0 build: `babel lib -d dist`
22 error Exit status 2
23 error Failed at the delivery-fast@1.0.0 build script 'babel lib -d dist'.
23 error Make sure you have the latest version of node.js and npm installed.
23 error If you do, this is most likely a problem with the delivery-fast package,
23 error not with npm itself.
23 error Tell the author that this fails on your system:
23 error     babel lib -d dist
23 error You can get information on how to open an issue for this project with:
23 error     npm bugs delivery-fast
23 error Or if that isn't available, you can get their info via:
23 error     npm owner ls delivery-fast
23 error There is likely additional logging output above.
24 verbose exit [ 1, true ]
